[  3728.143] (--) Log file renamed from "/home/nikhilsingh/.local/share/xorg/Xorg.pid-4823.log" to "/home/nikhilsingh/.local/share/xorg/Xorg.0.log"
[  3728.155] 
X.Org X Server 1.20.1
X Protocol Version 11, Revision 0
[  3728.155] Build Operating System: Linux 4.4.0-140-generic x86_64 Ubuntu
[  3728.155] Current Operating System: Linux ubuntu 4.18.0-15-generic #16~18.04.1-Ubuntu SMP Thu Feb 7 14:06:04 UTC 2019 x86_64
[  3728.155] Kernel command line: BOOT_IMAGE=/boot/vmlinuz-4.18.0-15-generic root=UUID=89bd7fac-e3ff-4529-9ee0-5734277292dc ro find_preseed=/preseed.cfg auto noprompt priority=critical locale=en_US quiet
[  3728.155] Build Date: 27 November 2018  05:27:12PM
[  3728.156] xorg-server-hwe-18.04 2:1.20.1-3ubuntu2.1~18.04.1 (For technical support please see http://www.ubuntu.com/support) 
[  3728.156] Current version of pixman: 0.34.0
[  3728.156] 	Before reporting problems, check http://wiki.x.org
	to make sure that you have the latest version.
[  3728.156] Markers: (--) probed, (**) from config file, (==) default setting,
	(++) from command line, (!!) notice, (II) informational,
	(WW) warning, (EE) error, (NI) not implemented, (??) unknown.
[  3728.157] (==) Log file: "/home/nikhilsingh/.local/share/xorg/Xorg.0.log", Time: Fri Aug 27 02:29:13 2021
[  3728.157] (==) Using system config directory "/usr/share/X11/xorg.conf.d"
[  3728.173] (==) No Layout section.  Using the first Screen section.
[  3728.173] (==) No screen section available. Using defaults.
[  3728.173] (**) |-->Screen "Default Screen Section" (0)
[  3728.173] (**) |   |-->Monitor "<default monitor>"
[  3728.175] (==) No monitor specified for screen "Default Screen Section".
	Using a default monitor configuration.
[  3728.176] (==) Automatically adding devices
[  3728.176] (==) Automatically enabling devices
[  3728.176] (==) Automatically adding GPU devices
[  3728.176] (==) Automatically binding GPU devices
[  3728.176] (==) Max clients allowed: 256, resource mask: 0x1fffff
[  3728.176] (WW) The directory "/usr/share/fonts/X11/cyrillic" does not exist.
[  3728.176] 	Entry deleted from font path.
[  3728.177] (WW) The directory "/usr/share/fonts/X11/100dpi/" does not exist.
[  3728.177] 	Entry deleted from font path.
[  3728.177] (WW) The directory "/usr/share/fonts/X11/75dpi/" does not exist.
[  3728.177] 	Entry deleted from font path.
[  3728.177] (WW) The directory "/usr/share/fonts/X11/100dpi" does not exist.
[  3728.177] 	Entry deleted from font path.
[  3728.177] (WW) The directory "/usr/share/fonts/X11/75dpi" does not exist.
[  3728.177] 	Entry deleted from font path.
[  3728.177] (==) FontPath set to:
	/usr/share/fonts/X11/misc,
	/usr/share/fonts/X11/Type1,
	built-ins
[  3728.178] (==) ModulePath set to "/usr/lib/xorg/modules"
[  3728.178] (II) The server relies on udev to provide the list of input devices.
	If no devices become available, reconfigure udev or disable AutoAddDevices.
[  3728.178] (II) Loader magic: 0x56146a10e020
[  3728.178] (II) Module ABI versions:
[  3728.178] 	X.Org ANSI C Emulation: 0.4
[  3728.178] 	X.Org Video Driver: 24.0
[  3728.178] 	X.Org XInput driver : 24.1
[  3728.178] 	X.Org Server Extension : 10.0
[  3728.180] (++) using VT number 2

[  3728.184] (II) systemd-logind: took control of session /org/freedesktop/login1/session/_33
[  3728.298] (II) xfree86: Adding drm device (/dev/dri/card0)
[  3728.300] (II) systemd-logind: got fd for /dev/dri/card0 226:0 fd 12 paused 0
[  3728.365] (--) PCI:*(0@0:15:0) 15ad:0405:15ad:0405 rev 0, Mem @ 0xe8000000/134217728, 0xfe000000/8388608, I/O @ 0x00001070/16, BIOS @ 0x????????/131072
[  3728.365] (II) LoadModule: "glx"
[  3728.423] (II) Loading /usr/lib/xorg/modules/extensions/libglx.so
[  3728.732] (II) Module glx: vendor="X.Org Foundation"
[  3728.732] 	compiled for 1.20.1, module version = 1.0.0
[  3728.732] 	ABI class: X.Org Server Extension, version 10.0
[  3728.733] (==) Matched vmware as autoconfigured driver 0
[  3728.733] (==) Matched modesetting as autoconfigured driver 1
[  3728.733] (==) Matched fbdev as autoconfigured driver 2
[  3728.733] (==) Matched vesa as autoconfigured driver 3
[  3728.733] (==) Assigned the driver to the xf86ConfigLayout
[  3728.733] (II) LoadModule: "vmware"
[  3728.734] (II) Loading /usr/lib/xorg/modules/drivers/vmware_drv.so
[  3731.229] (II) Module vmware: vendor="X.Org Foundation"
[  3731.229] 	compiled for 1.20.1, module version = 13.3.0
[  3731.229] 	Module class: X.Org Video Driver
[  3731.229] 	ABI class: X.Org Video Driver, version 24.0
[  3731.229] (II) LoadModule: "modesetting"
[  3731.229] (II) Loading /usr/lib/xorg/modules/drivers/modesetting_drv.so
[  3731.243] (II) Module modesetting: vendor="X.Org Foundation"
[  3731.243] 	compiled for 1.20.1, module version = 1.20.1
[  3731.243] 	Module class: X.Org Video Driver
[  3731.243] 	ABI class: X.Org Video Driver, version 24.0
[  3731.243] (II) LoadModule: "fbdev"
[  3731.243] (II) Loading /usr/lib/xorg/modules/drivers/fbdev_drv.so
[  3731.248] (II) Module fbdev: vendor="X.Org Foundation"
[  3731.248] 	compiled for 1.20.1, module version = 0.5.0
[  3731.248] 	Module class: X.Org Video Driver
[  3731.248] 	ABI class: X.Org Video Driver, version 24.0
[  3731.248] (II) LoadModule: "vesa"
[  3731.248] (II) Loading /usr/lib/xorg/modules/drivers/vesa_drv.so
[  3731.259] (II) Module vesa: vendor="X.Org Foundation"
[  3731.259] 	compiled for 1.20.1, module version = 2.4.0
[  3731.259] 	Module class: X.Org Video Driver
[  3731.259] 	ABI class: X.Org Video Driver, version 24.0
[  3731.259] (II) vmware: driver for VMware SVGA: vmware0405, vmware0710
[  3731.259] (II) modesetting: Driver for Modesetting Kernel Drivers: kms
[  3731.259] (II) FBDEV: driver for framebuffer: fbdev
[  3731.259] (II) VESA: driver for VESA chipsets: vesa
[  3731.259] xf86EnableIOPorts: failed to set IOPL for I/O (Operation not permitted)
[  3731.259] (WW) Falling back to old probe method for modesetting
[  3731.259] (WW) Falling back to old probe method for fbdev
[  3731.259] (II) Loading sub module "fbdevhw"
[  3731.259] (II) LoadModule: "fbdevhw"
[  3731.259] (II) Loading /usr/lib/xorg/modules/libfbdevhw.so
[  3731.268] (II) Module fbdevhw: vendor="X.Org Foundation"
[  3731.268] 	compiled for 1.20.1, module version = 0.0.2
[  3731.268] 	ABI class: X.Org Video Driver, version 24.0
[  3731.268] (EE) open /dev/fb0: Permission denied
[  3731.268] (WW) VGA arbiter: cannot open kernel arbiter, no multi-card support
[  3731.268] (II) vmware(0): Creating default Display subsection in Screen section
	"Default Screen Section" for depth/fbbpp 24/32
[  3731.268] (--) vmware(0): DRM driver version is 2.14.1
[  3731.268] (==) vmware(0): Depth 24, (--) framebuffer bpp 32
[  3731.268] (==) vmware(0): RGB weight 888
[  3731.268] (==) vmware(0): Default visual is TrueColor
[  3731.268] (--) vmware(0): Min width 1, Max Width 8192.
[  3731.268] (--) vmware(0): Min height 1, Max Height 8192.
[  3731.268] (II) vmware(0): Output Virtual1 has no monitor section
[  3731.269] (II) vmware(0): Output Virtual2 has no monitor section
[  3731.269] (II) vmware(0): Output Virtual3 has no monitor section
[  3731.269] (II) vmware(0): Output Virtual4 has no monitor section
[  3731.269] (II) vmware(0): Output Virtual5 has no monitor section
[  3731.269] (II) vmware(0): Output Virtual6 has no monitor section
[  3731.269] (II) vmware(0): Output Virtual7 has no monitor section
[  3731.269] (II) vmware(0): Output Virtual8 has no monitor section
[  3731.269] (II) vmware(0): Printing probed modes for output Virtual1
[  3731.269] (II) vmware(0): Modeline "1280x836"x60.0   84.59  1280 1330 1380 1430  836 886 936 986 -hsync +vsync (59.2 kHz eP)
[  3731.269] (II) vmware(0): Modeline "2560x1600"x60.0  348.50  2560 2752 3032 3504  1600 1603 1609 1658 -hsync +vsync (99.5 kHz e)
[  3731.269] (II) vmware(0): Modeline "1920x1440"x60.0  234.00  1920 2048 2256 2600  1440 1441 1444 1500 -hsync +vsync (90.0 kHz e)
[  3731.269] (II) vmware(0): Modeline "1856x1392"x60.0  218.25  1856 1952 2176 2528  1392 1393 1396 1439 -hsync +vsync (86.3 kHz e)
[  3731.269] (II) vmware(0): Modeline "1792x1344"x60.0  204.75  1792 1920 2120 2448  1344 1345 1348 1394 -hsync +vsync (83.6 kHz e)
[  3731.269] (II) vmware(0): Modeline "1920x1200"x59.9  193.25  1920 2056 2256 2592  1200 1203 1209 1245 -hsync +vsync (74.6 kHz e)
[  3731.269] (II) vmware(0): Modeline "1600x1200"x60.0  162.00  1600 1664 1856 2160  1200 1201 1204 1250 +hsync +vsync (75.0 kHz e)
[  3731.269] (II) vmware(0): Modeline "1680x1050"x60.0  146.25  1680 1784 1960 2240  1050 1053 1059 1089 -hsync +vsync (65.3 kHz e)
[  3731.269] (II) vmware(0): Modeline "1400x1050"x60.0  121.75  1400 1488 1632 1864  1050 1053 1057 1089 -hsync +vsync (65.3 kHz e)
[  3731.269] (II) vmware(0): Modeline "1280x1024"x60.0  108.00  1280 1328 1440 1688  1024 1025 1028 1066 +hsync +vsync (64.0 kHz e)
[  3731.269] (II) vmware(0): Modeline "1440x900"x59.9  106.50  1440 1520 1672 1904  900 903 909 934 -hsync +vsync (55.9 kHz e)
[  3731.269] (II) vmware(0): Modeline "1280x960"x60.0  108.00  1280 1376 1488 1800  960 961 964 1000 +hsync +vsync (60.0 kHz e)
[  3731.269] (II) vmware(0): Modeline "1360x768"x60.0   85.50  1360 1424 1536 1792  768 771 777 795 +hsync +vsync (47.7 kHz e)
[  3731.269] (II) vmware(0): Modeline "1280x800"x59.8   83.50  1280 1352 1480 1680  800 803 809 831 +hsync -vsync (49.7 kHz e)
[  3731.269] (II) vmware(0): Modeline "1152x864"x75.0  108.00  1152 1216 1344 1600  864 865 868 900 +hsync +vsync (67.5 kHz e)
[  3731.269] (II) vmware(0): Modeline "1280x768"x59.9   79.50  1280 1344 1472 1664  768 771 778 798 -hsync +vsync (47.8 kHz e)
[  3731.269] (II) vmware(0): Modeline "1024x768"x60.0   65.00  1024 1048 1184 1344  768 771 777 806 -hsync -vsync (48.4 kHz e)
[  3731.269] (II) vmware(0): Modeline "800x600"x60.3   40.00  800 840 968 1056  600 601 605 628 +hsync +vsync (37.9 kHz e)
[  3731.269] (II) vmware(0): Modeline "640x480"x59.9   25.18  640 656 752 800  480 489 492 525 -hsync -vsync (31.5 kHz e)
[  3731.269] (II) vmware(0): EDID for output Virtual2
[  3731.269] (II) vmware(0): EDID for output Virtual3
[  3731.269] (II) vmware(0): EDID for output Virtual4
[  3731.269] (II) vmware(0): EDID for output Virtual5
[  3731.269] (II) vmware(0): EDID for output Virtual6
[  3731.269] (II) vmware(0): EDID for output Virtual7
[  3731.269] (II) vmware(0): EDID for output Virtual8
[  3731.269] (II) vmware(0): Output Virtual1 connected
[  3731.269] (II) vmware(0): Output Virtual2 disconnected
[  3731.269] (II) vmware(0): Output Virtual3 disconnected
[  3731.269] (II) vmware(0): Output Virtual4 disconnected
[  3731.269] (II) vmware(0): Output Virtual5 disconnected
[  3731.269] (II) vmware(0): Output Virtual6 disconnected
[  3731.269] (II) vmware(0): Output Virtual7 disconnected
[  3731.269] (II) vmware(0): Output Virtual8 disconnected
[  3731.269] (II) vmware(0): Using exact sizes for initial modes
[  3731.269] (II) vmware(0): Output Virtual1 using initial mode 1280x836 +0+0
[  3731.269] (==) vmware(0): DPI set to (96, 96)
[  3731.269] (==) vmware(0): Using gamma correction (1.0, 1.0, 1.0)
[  3731.269] (II) Loading sub module "fb"
[  3731.269] (II) LoadModule: "fb"
[  3731.269] (II) Loading /usr/lib/xorg/modules/libfb.so
[  3731.300] (II) Module fb: vendor="X.Org Foundation"
[  3731.300] 	compiled for 1.20.1, module version = 1.0.0
[  3731.300] 	ABI class: X.Org ANSI C Emulation, version 0.4
[  3731.300] (II) Loading sub module "dri2"
[  3731.300] (II) LoadModule: "dri2"
[  3731.300] (II) Module "dri2" already built-in
[  3731.300] (II) Loading sub module "dri3"
[  3731.300] (II) LoadModule: "dri3"
[  3731.300] (II) Module "dri3" already built-in
[  3731.300] (II) UnloadModule: "modesetting"
[  3731.300] (II) Unloading modesetting
[  3731.300] (II) UnloadModule: "fbdev"
[  3731.300] (II) Unloading fbdev
[  3731.300] (II) UnloadSubModule: "fbdevhw"
[  3731.300] (II) Unloading fbdevhw
[  3731.300] (II) UnloadModule: "vesa"
[  3731.300] (II) Unloading vesa
[  3731.304] (II) vmware(0): Initialized VMWARE_CTRL extension version 0.2
[  3731.548] (II) vmware(0): Gallium3D XA version: 2.4.0.
[  3731.548] (II) vmware(0): Path of drm device is "/dev/dri/card0".
[  3731.548] (II) vmware(0): [DRI2] Setup complete
[  3731.548] (II) vmware(0): [DRI2]   DRI driver: vmwgfx
[  3731.911] (--) vmware(0): Render acceleration is enabled.
[  3731.911] (==) vmware(0): Rendercheck mode is disabled.
[  3731.911] (--) vmware(0): Direct rendering (DRI2 3D) is enabled.
[  3731.911] (--) vmware(0): Direct rendering (DRI3 3D) is enabled.
[  3731.911] (==) vmware(0): Direct presents are disabled.
[  3731.911] (==) vmware(0): Hardware only presents are automatic per scanout.
[  3731.911] (==) vmware(0): Backing store enabled
[  3731.911] (==) vmware(0): Silken mouse enabled
[  3731.914] (==) vmware(0): DPMS enabled
[  3731.914] (II) Initializing extension Generic Event Extension
[  3731.914] (II) Initializing extension SHAPE
[  3731.914] (II) Initializing extension MIT-SHM
[  3731.914] (II) Initializing extension XInputExtension
[  3731.916] (II) Initializing extension XTEST
[  3731.916] (II) Initializing extension BIG-REQUESTS
[  3731.916] (II) Initializing extension SYNC
[  3731.916] (II) Initializing extension XKEYBOARD
[  3731.916] (II) Initializing extension XC-MISC
[  3731.916] (II) Initializing extension SECURITY
[  3731.916] (II) Initializing extension XFIXES
[  3731.917] (II) Initializing extension RENDER
[  3731.917] (II) Initializing extension RANDR
[  3731.917] (II) Initializing extension COMPOSITE
[  3731.917] (II) Initializing extension DAMAGE
[  3731.917] (II) Initializing extension MIT-SCREEN-SAVER
[  3731.917] (II) Initializing extension DOUBLE-BUFFER
[  3731.917] (II) Initializing extension RECORD
[  3731.917] (II) Initializing extension DPMS
[  3731.917] (II) Initializing extension Present
[  3731.917] (II) Initializing extension DRI3
[  3731.917] (II) Initializing extension X-Resource
[  3731.918] (II) Initializing extension XVideo
[  3731.918] (II) Initializing extension XVideo-MotionCompensation
[  3731.918] (II) Initializing extension SELinux
[  3731.918] (II) SELinux: Disabled on system
[  3731.918] (II) Initializing extension GLX
[  3732.223] (II) AIGLX: Loaded and initialized vmwgfx
[  3732.223] (II) GLX: Initialized DRI2 GL provider for screen 0
[  3732.223] (II) Initializing extension XFree86-VidModeExtension
[  3732.223] (II) Initializing extension XFree86-DGA
[  3732.223] (II) Initializing extension XFree86-DRI
[  3732.223] (II) Initializing extension DRI2
[  3732.269] (II) vmware(0): Setting screen physical size to 338 x 221
[  3732.818] (II) config/udev: Adding input device Power Button (/dev/input/event0)
[  3732.818] (**) Power Button: Applying InputClass "libinput keyboard catchall"
[  3732.818] (II) LoadModule: "libinput"
[  3732.818] (II) Loading /usr/lib/xorg/modules/input/libinput_drv.so
[  3732.924] (II) Module libinput: vendor="X.Org Foundation"
[  3732.924] 	compiled for 1.20.1, module version = 0.28.1
[  3732.924] 	Module class: X.Org XInput Driver
[  3732.924] 	ABI class: X.Org XInput driver, version 24.1
[  3732.924] (II) Using input driver 'libinput' for 'Power Button'
[  3732.929] (II) systemd-logind: got fd for /dev/input/event0 13:64 fd 24 paused 0
[  3732.929] (**) Power Button: always reports core events
[  3732.929] (**) Option "Device" "/dev/input/event0"
[  3732.930] (**) Option "_source" "server/udev"
[  3732.934] (II) event0  - Power Button: is tagged by udev as: Keyboard
[  3732.934] (II) event0  - Power Button: device is a keyboard
[  3732.934] (II) event0  - Power Button: device removed
[  3732.934] (**) Option "config_info" "udev:/sys/devices/LNXSYSTM:00/LNXPWRBN:00/input/input0/event0"
[  3732.935] (II) XINPUT: Adding extended input device "Power Button" (type: KEYBOARD, id 6)
[  3732.935] (**) Option "xkb_model" "SKIP"
[  3732.935] (**) Option "xkb_layout" "us"
[  3732.960] (II) event0  - Power Button: is tagged by udev as: Keyboard
[  3732.961] (II) event0  - Power Button: device is a keyboard
[  3733.005] (II) config/udev: Adding input device VMware VMware Virtual USB Mouse (/dev/input/event4)
[  3733.005] (**) VMware VMware Virtual USB Mouse: Applying InputClass "libinput pointer catchall"
[  3733.005] (II) Using input driver 'libinput' for 'VMware VMware Virtual USB Mouse'
[  3733.066] (II) systemd-logind: got fd for /dev/input/event4 13:68 fd 27 paused 0
[  3733.066] (**) VMware VMware Virtual USB Mouse: always reports core events
[  3733.066] (**) Option "Device" "/dev/input/event4"
[  3733.066] (**) Option "_source" "server/udev"
[  3733.067] (II) event4  - VMware VMware Virtual USB Mouse: is tagged by udev as: Mouse
[  3733.068] (II) event4  - VMware VMware Virtual USB Mouse: device is a pointer
[  3733.068] (II) event4  - VMware VMware Virtual USB Mouse: device removed
[  3733.068] (**) Option "config_info" "udev:/sys/devices/pci0000:00/0000:00:11.0/0000:02:00.0/usb2/2-1/2-1:1.0/0003:0E0F:0003.0001/input/input5/event4"
[  3733.069] (II) XINPUT: Adding extended input device "VMware VMware Virtual USB Mouse" (type: MOUSE, id 7)
[  3733.069] (**) Option "AccelerationScheme" "none"
[  3733.069] (**) VMware VMware Virtual USB Mouse: (accel) selected scheme none/0
[  3733.069] (**) VMware VMware Virtual USB Mouse: (accel) acceleration factor: 2.000
[  3733.069] (**) VMware VMware Virtual USB Mouse: (accel) acceleration threshold: 4
[  3733.070] (II) event4  - VMware VMware Virtual USB Mouse: is tagged by udev as: Mouse
[  3733.070] (II) event4  - VMware VMware Virtual USB Mouse: device is a pointer
[  3733.071] (II) config/udev: Adding input device VMware VMware Virtual USB Mouse (/dev/input/mouse2)
[  3733.071] (II) No input driver specified, ignoring this device.
[  3733.071] (II) This device may have been added with another device file.
[  3733.072] (II) config/udev: Adding input device AT Translated Set 2 keyboard (/dev/input/event1)
[  3733.072] (**) AT Translated Set 2 keyboard: Applying InputClass "libinput keyboard catchall"
[  3733.072] (II) Using input driver 'libinput' for 'AT Translated Set 2 keyboard'
[  3733.074] (II) systemd-logind: got fd for /dev/input/event1 13:65 fd 28 paused 0
[  3733.074] (**) AT Translated Set 2 keyboard: always reports core events
[  3733.074] (**) Option "Device" "/dev/input/event1"
[  3733.074] (**) Option "_source" "server/udev"
[  3733.075] (II) event1  - AT Translated Set 2 keyboard: is tagged by udev as: Keyboard
[  3733.075] (II) event1  - AT Translated Set 2 keyboard: device is a keyboard
[  3733.076] (II) event1  - AT Translated Set 2 keyboard: device removed
[  3733.076] (**) Option "config_info" "udev:/sys/devices/platform/i8042/serio0/input/input1/event1"
[  3733.077] (II) XINPUT: Adding extended input device "AT Translated Set 2 keyboard" (type: KEYBOARD, id 8)
[  3733.077] (**) Option "xkb_model" "SKIP"
[  3733.077] (**) Option "xkb_layout" "us"
[  3733.078] (II) event1  - AT Translated Set 2 keyboard: is tagged by udev as: Keyboard
[  3733.078] (II) event1  - AT Translated Set 2 keyboard: device is a keyboard
[  3733.079] (II) config/udev: Adding input device VirtualPS/2 VMware VMMouse (/dev/input/event3)
[  3733.079] (**) VirtualPS/2 VMware VMMouse: Applying InputClass "libinput pointer catchall"
[  3733.079] (II) Using input driver 'libinput' for 'VirtualPS/2 VMware VMMouse'
[  3733.081] (II) systemd-logind: got fd for /dev/input/event3 13:67 fd 29 paused 0
[  3733.081] (**) VirtualPS/2 VMware VMMouse: always reports core events
[  3733.081] (**) Option "Device" "/dev/input/event3"
[  3733.081] (**) Option "_source" "server/udev"
[  3733.082] (II) event3  - VirtualPS/2 VMware VMMouse: is tagged by udev as: Mouse
[  3733.082] (II) event3  - VirtualPS/2 VMware VMMouse: device is a pointer
[  3733.083] (II) event3  - VirtualPS/2 VMware VMMouse: device removed
[  3733.083] (**) Option "config_info" "udev:/sys/devices/platform/i8042/serio1/input/input3/event3"
[  3733.083] (II) XINPUT: Adding extended input device "VirtualPS/2 VMware VMMouse" (type: MOUSE, id 9)
[  3733.083] (**) Option "AccelerationScheme" "none"
[  3733.083] (**) VirtualPS/2 VMware VMMouse: (accel) selected scheme none/0
[  3733.084] (**) VirtualPS/2 VMware VMMouse: (accel) acceleration factor: 2.000
[  3733.084] (**) VirtualPS/2 VMware VMMouse: (accel) acceleration threshold: 4
[  3733.085] (II) event3  - VirtualPS/2 VMware VMMouse: is tagged by udev as: Mouse
[  3733.085] (II) event3  - VirtualPS/2 VMware VMMouse: device is a pointer
[  3733.085] (II) config/udev: Adding input device VirtualPS/2 VMware VMMouse (/dev/input/mouse1)
[  3733.085] (II) No input driver specified, ignoring this device.
[  3733.086] (II) This device may have been added with another device file.
[  3733.086] (II) config/udev: Adding input device VirtualPS/2 VMware VMMouse (/dev/input/event2)
[  3733.086] (**) VirtualPS/2 VMware VMMouse: Applying InputClass "libinput pointer catchall"
[  3733.086] (II) Using input driver 'libinput' for 'VirtualPS/2 VMware VMMouse'
[  3733.088] (II) systemd-logind: got fd for /dev/input/event2 13:66 fd 30 paused 0
[  3733.088] (**) VirtualPS/2 VMware VMMouse: always reports core events
[  3733.088] (**) Option "Device" "/dev/input/event2"
[  3733.088] (**) Option "_source" "server/udev"
[  3733.089] (II) event2  - VirtualPS/2 VMware VMMouse: is tagged by udev as: Mouse
[  3733.089] (II) event2  - VirtualPS/2 VMware VMMouse: device is a pointer
[  3733.089] (II) event2  - VirtualPS/2 VMware VMMouse: device removed
[  3733.089] (**) Option "config_info" "udev:/sys/devices/platform/i8042/serio1/input/input4/event2"
[  3733.089] (II) XINPUT: Adding extended input device "VirtualPS/2 VMware VMMouse" (type: MOUSE, id 10)
[  3733.089] (**) Option "AccelerationScheme" "none"
[  3733.090] (**) VirtualPS/2 VMware VMMouse: (accel) selected scheme none/0
[  3733.090] (**) VirtualPS/2 VMware VMMouse: (accel) acceleration factor: 2.000
[  3733.090] (**) VirtualPS/2 VMware VMMouse: (accel) acceleration threshold: 4
[  3733.090] (II) event2  - VirtualPS/2 VMware VMMouse: is tagged by udev as: Mouse
[  3733.090] (II) event2  - VirtualPS/2 VMware VMMouse: device is a pointer
[  3733.091] (II) config/udev: Adding input device VirtualPS/2 VMware VMMouse (/dev/input/mouse0)
[  3733.091] (II) No input driver specified, ignoring this device.
[  3733.091] (II) This device may have been added with another device file.
